[2026-03-18 04:56:32] INFO django.server basehttp.log_message:213 — "GET /login/?next=/dashboard/ HTTP/1.1" 200 4783
[2026-03-18 04:56:35] INFO django.server basehttp.log_message:213 — "GET /login/?next=/dashboard/ HTTP/1.1" 200 4783
[2026-03-18 04:58:07] INFO django.server basehttp.log_message:213 — "GET / HTTP/1.1" 200 7780
[2026-03-18 04:58:09] INFO django.server basehttp.log_message:213 — "GET /login/ HTTP/1.1" 200 4772
[2026-03-18 04:58:14] INFO django.server basehttp.log_message:213 — "POST /login/ HTTP/1.1" 302 0
[2026-03-18 04:58:14] INFO django.server basehttp.log_message:213 — "GET /dashboard/ HTTP/1.1" 200 19233
[2026-03-18 04:58:18] INFO django.server basehttp.log_message:213 — "POST /logout/ HTTP/1.1" 302 0
[2026-03-18 04:58:18] INFO django.server basehttp.log_message:213 — "GET /login/ HTTP/1.1" 200 4772
[2026-03-18 04:58:22] INFO django.server basehttp.log_message:213 — "POST /login/ HTTP/1.1" 302 0
[2026-03-18 04:58:22] DEBUG apps.accounts utils.filter_by_user_company:21 — Data filter applied for sachit → company: NETSMARTZ (Customer)
[2026-03-18 04:58:22] DEBUG apps.accounts utils.filter_by_user_company:21 — Data filter applied for sachit → company: NETSMARTZ (Customer)
[2026-03-18 04:58:22] INFO django.server basehttp.log_message:213 — "GET /dashboard/ HTTP/1.1" 200 22059
[2026-03-18 04:58:33] INFO django.server basehttp.log_message:213 — "GET /orders/ HTTP/1.1" 200 25651
[2026-03-18 04:58:40] DEBUG apps.accounts utils.filter_by_user_company:21 — Data filter applied for sachit → company: NETSMARTZ (Customer)
[2026-03-18 04:58:40] INFO django.server basehttp.log_message:213 — "GET /shipments/ HTTP/1.1" 200 21234
[2026-03-18 04:58:45] INFO django.server basehttp.log_message:213 — "GET /orders/ HTTP/1.1" 200 25651
[2026-03-18 04:58:46] INFO apps.orders views.order_create:276 — New order creation page accessed by sachit (Customer)
[2026-03-18 04:58:46] INFO django.server basehttp.log_message:213 — "GET /orders/create/ HTTP/1.1" 200 96527
[2026-03-18 04:59:19] DEBUG apps.accounts utils.filter_by_user_company:21 — Data filter applied for sachit → company: NETSMARTZ (Customer)
[2026-03-18 04:59:19] INFO django.server basehttp.log_message:213 — "GET /shipments/ HTTP/1.1" 200 21234
[2026-03-18 04:59:24] DEBUG apps.accounts utils.filter_by_user_company:21 — Data filter applied for sachit → company: NETSMARTZ (Customer)
[2026-03-18 04:59:24] INFO django.server basehttp.log_message:213 — "GET /shipments/?search=&status=&type=&date_from=&date_to= HTTP/1.1" 200 21234
[2026-03-18 04:59:30] INFO django.server basehttp.log_message:213 — "GET /inventory/ HTTP/1.1" 200 18371
[2026-03-18 04:59:39] INFO django.server basehttp.log_message:213 — "GET /inventory/items/add/ HTTP/1.1" 200 17730
[2026-03-18 04:59:57] INFO django.server basehttp.log_message:213 — "GET /inventory/ HTTP/1.1" 200 18371
[2026-03-18 04:59:59] INFO django.server basehttp.log_message:213 — "GET /inventory/warehouses/create/ HTTP/1.1" 200 16723
[2026-03-18 05:00:08] INFO django.server basehttp.log_message:213 — "GET /inventory/items/add/ HTTP/1.1" 200 17730
[2026-03-18 05:00:26] INFO django.server basehttp.log_message:213 — "GET /inventory/warehouses/create/ HTTP/1.1" 200 16723
[2026-03-18 05:00:35] INFO django.server basehttp.log_message:213 — "GET /inventory/ HTTP/1.1" 200 18371
[2026-03-18 05:00:48] INFO django.server basehttp.log_message:213 — "GET /inventory/warehouses/ HTTP/1.1" 200 14090
[2026-03-18 05:00:50] INFO django.server basehttp.log_message:213 — "GET /inventory/warehouses/67/ HTTP/1.1" 200 17112
[2026-03-18 05:01:00] INFO django.server basehttp.log_message:213 — "GET /inventory/ HTTP/1.1" 200 18371
[2026-03-18 05:01:06] DEBUG apps.accounts utils.filter_by_user_company:21 — Data filter applied for sachit → company: NETSMARTZ (Customer)
[2026-03-18 05:01:06] DEBUG apps.accounts utils.filter_by_user_company:21 — Data filter applied for sachit → company: NETSMARTZ (Customer)
[2026-03-18 05:01:06] INFO django.server basehttp.log_message:213 — "GET /dashboard/ HTTP/1.1" 200 22059
[2026-03-18 05:01:20] INFO django.server basehttp.log_message:213 — "GET /shipments/create/ HTTP/1.1" 302 0
[2026-03-18 05:01:20] INFO django.server basehttp.log_message:213 — "GET /orders/ HTTP/1.1" 200 25976
[2026-03-18 05:01:26] INFO django.server basehttp.log_message:213 — "GET /inventory/ HTTP/1.1" 200 18371
[2026-03-18 05:01:28] INFO django.server basehttp.log_message:213 — "GET /companies/ HTTP/1.1" 200 17593
[2026-03-18 05:01:31] INFO django.server basehttp.log_message:213 — "GET /companies/39/ HTTP/1.1" 200 36734
[2026-03-18 05:02:11] INFO django.server basehttp.log_message:213 — "GET /companies/39/ HTTP/1.1" 200 36734
[2026-03-18 05:04:10] INFO django.server basehttp.log_message:213 — "GET /orders/121/ HTTP/1.1" 200 38035
[2026-03-18 05:04:20] INFO django.server basehttp.log_message:213 — "GET /companies/ HTTP/1.1" 200 17593
[2026-03-18 05:04:24] INFO django.server basehttp.log_message:213 — "GET /companies/39/ HTTP/1.1" 200 36734
[2026-03-18 05:05:07] INFO django.server basehttp.log_message:213 — "GET /admin/accounts/customuser/ HTTP/1.1" 200 30117
[2026-03-18 05:05:07] INFO django.server basehttp.log_message:213 — "GET /static/admin/css/base.css HTTP/1.1" 304 0
[2026-03-18 05:05:07] INFO django.server basehttp.log_message:213 — "GET /static/admin/css/dark_mode.css HTTP/1.1" 304 0
[2026-03-18 05:05:07] INFO django.server basehttp.log_message:213 — "GET /static/admin/css/responsive.css HTTP/1.1" 304 0
[2026-03-18 05:05:07] INFO django.server basehttp.log_message:213 — "GET /static/admin/css/nav_sidebar.css HTTP/1.1" 304 0
[2026-03-18 05:05:07] INFO django.server basehttp.log_message:213 — "GET /static/admin/css/changelists.css HTTP/1.1" 304 0
[2026-03-18 05:05:07] INFO django.server basehttp.log_message:213 — "GET /static/admin/js/theme.js HTTP/1.1" 304 0
[2026-03-18 05:05:07] INFO django.server basehttp.log_message:213 — "GET /static/admin/js/vendor/jquery/jquery.js HTTP/1.1" 304 0
[2026-03-18 05:05:07] INFO django.server basehttp.log_message:213 — "GET /static/admin/js/core.js HTTP/1.1" 304 0
[2026-03-18 05:05:07] INFO django.server basehttp.log_message:213 — "GET /static/admin/js/admin/RelatedObjectLookups.js HTTP/1.1" 304 0
[2026-03-18 05:05:07] INFO django.server basehttp.log_message:213 — "GET /static/admin/js/jquery.init.js HTTP/1.1" 304 0
[2026-03-18 05:05:07] INFO django.server basehttp.log_message:213 — "GET /static/admin/js/actions.js HTTP/1.1" 304 0
[2026-03-18 05:05:07] INFO django.server basehttp.log_message:213 — "GET /static/admin/js/urlify.js HTTP/1.1" 304 0
[2026-03-18 05:05:07] INFO django.server basehttp.log_message:213 — "GET /static/admin/js/prepopulate.js HTTP/1.1" 304 0
[2026-03-18 05:05:07] INFO django.server basehttp.log_message:213 — "GET /static/admin/img/search.svg HTTP/1.1" 304 0
[2026-03-18 05:05:07] INFO django.server basehttp.log_message:213 — "GET /static/admin/js/vendor/xregexp/xregexp.js HTTP/1.1" 304 0
[2026-03-18 05:05:07] INFO django.server basehttp.log_message:213 — "GET /static/admin/img/icon-no.svg HTTP/1.1" 304 0
[2026-03-18 05:05:07] INFO django.server basehttp.log_message:213 — "GET /static/admin/img/icon-yes.svg HTTP/1.1" 304 0
[2026-03-18 05:05:07] INFO django.server basehttp.log_message:213 — "GET /admin/jsi18n/ HTTP/1.1" 200 3342
[2026-03-18 05:05:07] INFO django.server basehttp.log_message:213 — "GET /static/admin/js/nav_sidebar.js HTTP/1.1" 304 0
[2026-03-18 05:05:07] INFO django.server basehttp.log_message:213 — "GET /static/admin/js/filters.js HTTP/1.1" 304 0
[2026-03-18 05:05:07] INFO django.server basehttp.log_message:213 — "GET /static/admin/img/icon-addlink.svg HTTP/1.1" 304 0
[2026-03-18 05:05:07] INFO django.server basehttp.log_message:213 — "GET /static/admin/img/tooltag-add.svg HTTP/1.1" 304 0
[2026-03-18 05:05:07] INFO django.server basehttp.log_message:213 — "GET /static/admin/img/sorting-icons.svg HTTP/1.1" 304 0
[2026-03-18 05:05:07] INFO django.server basehttp.log_message:213 — "GET /static/admin/img/icon-viewlink.svg HTTP/1.1" 304 0
[2026-03-18 05:05:13] INFO django.server basehttp.log_message:213 — "GET /admin/accounts/company/ HTTP/1.1" 200 25707
[2026-03-18 05:05:14] INFO django.server basehttp.log_message:213 — "GET /admin/jsi18n/ HTTP/1.1" 200 3342
[2026-03-18 05:05:20] INFO django.server basehttp.log_message:213 — "GET /admin/accounts/company/1/change/ HTTP/1.1" 200 29266
[2026-03-18 05:05:20] INFO django.server basehttp.log_message:213 — "GET /static/admin/css/forms.css HTTP/1.1" 304 0
[2026-03-18 05:05:20] INFO django.server basehttp.log_message:213 — "GET /static/admin/js/prepopulate_init.js HTTP/1.1" 304 0
[2026-03-18 05:05:20] INFO django.server basehttp.log_message:213 — "GET /static/admin/css/widgets.css HTTP/1.1" 304 0
[2026-03-18 05:05:20] INFO django.server basehttp.log_message:213 — "GET /static/admin/js/change_form.js HTTP/1.1" 304 0
[2026-03-18 05:05:20] INFO django.server basehttp.log_message:213 — "GET /admin/jsi18n/ HTTP/1.1" 200 3342
[2026-03-18 05:05:25] INFO django.server basehttp.log_message:213 — "GET /admin/accounts/company/ HTTP/1.1" 200 25707
[2026-03-18 05:05:27] INFO django.server basehttp.log_message:213 — "GET /admin/accounts/company/17/change/ HTTP/1.1" 200 29218
[2026-03-18 05:05:27] INFO django.server basehttp.log_message:213 — "GET /admin/jsi18n/ HTTP/1.1" 200 3342
[2026-03-18 05:15:54] INFO django.server basehttp.log_message:213 — "GET /companies/39/ HTTP/1.1" 200 36734
[2026-03-18 05:16:11] INFO django.server basehttp.log_message:213 — "GET /inventory/ HTTP/1.1" 200 18371
[2026-03-18 05:17:58] INFO django.server basehttp.log_message:213 — "GET /companies/ HTTP/1.1" 200 17593
[2026-03-18 05:18:00] INFO django.server basehttp.log_message:213 — "GET /companies/39/ HTTP/1.1" 200 36734
[2026-03-18 05:18:16] INFO django.server basehttp.log_message:213 — "GET /inventory/ HTTP/1.1" 200 18371
[2026-03-18 05:20:06] INFO django.utils.autoreload autoreload.trigger_reload:265 — /app/apps/accounts/views.py changed, reloading.
[2026-03-18 05:20:09] INFO django.utils.autoreload autoreload.run_with_reloader:667 — Watching for file changes with StatReloader
[2026-03-18 05:21:00] INFO django.server basehttp.log_message:213 — "GET /inventory/ HTTP/1.1" 200 18371
[2026-03-18 05:21:00] WARNING django.request log.log_response:253 — Not Found: /favicon.ico
[2026-03-18 05:21:00] WARNING django.server basehttp.log_message:213 — "GET /favicon.ico HTTP/1.1" 404 7178
[2026-03-18 05:21:01] INFO django.server basehttp.log_message:213 — "GET /inventory/ HTTP/1.1" 200 18371
[2026-03-18 05:21:05] INFO django.server basehttp.log_message:213 — "GET /inventory/warehouses/67/ HTTP/1.1" 200 17112
[2026-03-18 05:21:10] INFO django.server basehttp.log_message:213 — "GET /companies/ HTTP/1.1" 200 17593
[2026-03-18 05:21:12] INFO django.server basehttp.log_message:213 — "GET /companies/39/ HTTP/1.1" 200 31074
[2026-03-18 05:21:19] INFO django.server basehttp.log_message:213 — "GET /companies/ HTTP/1.1" 200 17593
[2026-03-18 05:21:22] INFO django.server basehttp.log_message:213 — "GET /orders/ HTTP/1.1" 200 25651
[2026-03-18 05:21:25] INFO django.server basehttp.log_message:213 — "GET /inventory/ HTTP/1.1" 200 18371
[2026-03-18 05:21:28] INFO django.server basehttp.log_message:213 — "GET /companies/ HTTP/1.1" 200 17593
[2026-03-18 05:21:31] INFO django.server basehttp.log_message:213 — "GET /companies/39/ HTTP/1.1" 200 31074
[2026-03-18 05:21:38] INFO django.server basehttp.log_message:213 — "GET /companies/39/ HTTP/1.1" 200 31074
[2026-03-18 05:21:39] INFO django.server basehttp.log_message:213 — "GET /companies/39/ HTTP/1.1" 200 31074
[2026-03-18 05:21:54] INFO django.server basehttp.log_message:213 — "GET /orders/ HTTP/1.1" 200 25651
[2026-03-18 05:21:56] DEBUG apps.accounts utils.filter_by_user_company:21 — Data filter applied for sachit → company: NETSMARTZ (Customer)
[2026-03-18 05:21:56] INFO django.server basehttp.log_message:213 — "GET /shipments/ HTTP/1.1" 200 21234
[2026-03-18 05:21:58] INFO django.server basehttp.log_message:213 — "GET /inventory/ HTTP/1.1" 200 18371
[2026-03-18 05:22:02] INFO django.server basehttp.log_message:213 — "GET /orders/ HTTP/1.1" 200 25651
[2026-03-18 05:22:09] INFO django.server basehttp.log_message:213 — "GET /inventory/ HTTP/1.1" 200 18371
[2026-03-18 05:22:12] INFO django.server basehttp.log_message:213 — "GET /companies/ HTTP/1.1" 200 17593
[2026-03-18 05:22:14] INFO django.server basehttp.log_message:213 — "GET /companies/39/ HTTP/1.1" 200 31074
[2026-03-18 05:23:13] INFO django.utils.autoreload autoreload.trigger_reload:265 — /app/apps/accounts/views.py changed, reloading.
[2026-03-18 05:23:15] INFO django.utils.autoreload autoreload.run_with_reloader:667 — Watching for file changes with StatReloader
[2026-03-18 05:23:43] INFO django.server basehttp.log_message:213 — "GET /companies/39/ HTTP/1.1" 200 31685
[2026-03-18 05:23:43] WARNING django.request log.log_response:253 — Not Found: /favicon.ico
[2026-03-18 05:23:43] WARNING django.server basehttp.log_message:213 — "GET /favicon.ico HTTP/1.1" 404 7178
[2026-03-18 05:26:10] INFO django.utils.autoreload autoreload.trigger_reload:265 — /app/apps/accounts/views.py changed, reloading.
[2026-03-18 05:26:12] INFO django.utils.autoreload autoreload.run_with_reloader:667 — Watching for file changes with StatReloader
[2026-03-18 05:26:37] INFO django.server basehttp.log_message:213 — "GET /companies/39/ HTTP/1.1" 200 29465
[2026-03-18 05:26:38] WARNING django.request log.log_response:253 — Not Found: /favicon.ico
[2026-03-18 05:26:38] WARNING django.server basehttp.log_message:213 — "GET /favicon.ico HTTP/1.1" 404 7178
[2026-03-18 05:27:07] INFO django.server basehttp.log_message:213 — "GET /companies/39/ HTTP/1.1" 200 29465
[2026-03-18 05:29:49] INFO django.server basehttp.log_message:213 — "GET /companies/39/ HTTP/1.1" 200 30339
[2026-03-18 05:29:49] WARNING django.request log.log_response:253 — Not Found: /favicon.ico
[2026-03-18 05:29:49] WARNING django.server basehttp.log_message:213 — "GET /favicon.ico HTTP/1.1" 404 7178
[2026-03-18 05:30:43] INFO django.server basehttp.log_message:213 — "GET /companies/39/ HTTP/1.1" 200 30339
[2026-03-18 05:32:33] INFO django.server basehttp.log_message:213 — "GET /companies/39/ HTTP/1.1" 200 30339
[2026-03-18 05:35:17] INFO django.server basehttp.log_message:213 — "GET /companies/39/ HTTP/1.1" 200 30853
[2026-03-18 05:35:17] WARNING django.request log.log_response:253 — Not Found: /favicon.ico
[2026-03-18 05:35:17] WARNING django.server basehttp.log_message:213 — "GET /favicon.ico HTTP/1.1" 404 7178
[2026-03-18 05:37:19] INFO django.server basehttp.log_message:213 — "GET /companies/39/ HTTP/1.1" 200 30633
[2026-03-18 05:37:20] WARNING django.request log.log_response:253 — Not Found: /favicon.ico
[2026-03-18 05:37:20] WARNING django.server basehttp.log_message:213 — "GET /favicon.ico HTTP/1.1" 404 7178
[2026-03-18 05:37:21] INFO django.server basehttp.log_message:213 — "GET /companies/39/ HTTP/1.1" 200 30633
[2026-03-18 05:37:21] WARNING django.request log.log_response:253 — Not Found: /favicon.ico
[2026-03-18 05:37:21] WARNING django.server basehttp.log_message:213 — "GET /favicon.ico HTTP/1.1" 404 7178
[2026-03-18 05:53:23] INFO django.server basehttp.log_message:213 — "GET /companies/39/ HTTP/1.1" 200 30633
[2026-03-18 05:53:25] INFO django.server basehttp.log_message:213 — "GET /orders/121/ HTTP/1.1" 200 38035
[2026-03-18 05:54:33] INFO django.server basehttp.log_message:213 — "GET /companies/ HTTP/1.1" 200 17593
[2026-03-18 05:54:35] INFO django.server basehttp.log_message:213 — "GET /companies/39/ HTTP/1.1" 200 30633
[2026-03-18 05:54:52] INFO django.server basehttp.log_message:213 — "GET /orders/121/ HTTP/1.1" 200 38035
[2026-03-18 05:54:57] INFO django.server basehttp.log_message:213 — "GET /shipments/156/ HTTP/1.1" 200 77611
[2026-03-18 05:54:59] INFO django.server basehttp.log_message:213 — "GET /materials/lookup/?name=Pizza HTTP/1.1" 200 21846
[2026-03-18 05:56:45] INFO django.server basehttp.log_message:213 — "GET /materials/lookup/?name=Pizza HTTP/1.1" 200 21846
[2026-03-18 05:56:47] INFO django.server basehttp.log_message:213 — "GET /orders/ HTTP/1.1" 200 25651
[2026-03-18 05:56:48] INFO django.server basehttp.log_message:213 — "GET /orders/121/ HTTP/1.1" 200 38035
[2026-03-18 06:03:13] INFO django.server basehttp.log_message:213 — "GET /orders/121/ HTTP/1.1" 200 38063
[2026-03-18 06:03:13] WARNING django.request log.log_response:253 — Not Found: /favicon.ico
[2026-03-18 06:03:13] WARNING django.server basehttp.log_message:213 — "GET /favicon.ico HTTP/1.1" 404 7178
[2026-03-18 06:03:14] INFO django.server basehttp.log_message:213 — "GET /materials/lookup/?name=Pizza HTTP/1.1" 200 21846
[2026-03-18 06:03:15] DEBUG apps.accounts utils.filter_by_user_company:21 — Data filter applied for sachit → company: NETSMARTZ (Customer)
[2026-03-18 06:03:16] INFO django.server basehttp.log_message:213 — "GET /shipments/ HTTP/1.1" 200 21234
[2026-03-18 06:03:18] INFO django.server basehttp.log_message:213 — "GET /shipments/156/ HTTP/1.1" 200 77611
[2026-03-18 06:03:20] INFO django.server basehttp.log_message:213 — "GET /materials/lookup/?name=Pizza HTTP/1.1" 200 21846
[2026-03-18 06:03:22] INFO django.server basehttp.log_message:213 — "GET /orders/ HTTP/1.1" 200 25651
[2026-03-18 06:03:25] INFO django.server basehttp.log_message:213 — "GET /orders/121/ HTTP/1.1" 200 38063
[2026-03-18 06:03:27] INFO django.server basehttp.log_message:213 — "GET /shipments/156/ HTTP/1.1" 200 77611
[2026-03-18 06:03:28] INFO django.server basehttp.log_message:213 — "GET /materials/lookup/?name=Pizza HTTP/1.1" 200 21846
[2026-03-18 06:03:34] INFO django.server basehttp.log_message:213 — "GET /materials/lookup/?name=Pizza HTTP/1.1" 200 21846
[2026-03-26 09:15:50] INFO django.utils.autoreload autoreload.run_with_reloader:667 — Watching for file changes with StatReloader
[2026-03-26 09:16:04] INFO django.utils.autoreload autoreload.trigger_reload:265 — /app/apps/shipments/views.py changed, reloading.
[2026-03-26 09:16:07] INFO django.utils.autoreload autoreload.run_with_reloader:667 — Watching for file changes with StatReloader
[2026-03-26 09:22:54] INFO django.server basehttp.log_message:213 — "GET /shipments/create/?order_id=167&next=/orders/167/ HTTP/1.1" 200 192443
[2026-03-26 09:22:54] WARNING django.request log.log_response:253 — Not Found: /favicon.ico
[2026-03-26 09:22:54] WARNING django.server basehttp.log_message:213 — "GET /favicon.ico HTTP/1.1" 404 7178
[2026-03-26 09:22:55] ERROR django.request log.log_response:253 — Internal Server Error: /orders/
Traceback (most recent call last):
  File "/usr/local/lib/python3.10/site-packages/django/db/backends/utils.py", line 105, in _execute
    return self.cursor.execute(sql, params)
  File "/usr/local/lib/python3.10/site-packages/django/db/backends/sqlite3/base.py", line 360, in execute
    return super().execute(query, params)
sqlite3.OperationalError: no such column: shipments_shipment.pickup_contact_phone

The above exception was the direct cause of the following exception:

Traceback (most recent call last):
  File "/usr/local/lib/python3.10/site-packages/django/core/handlers/exception.py", line 55, in inner
    response = get_response(request)
  File "/usr/local/lib/python3.10/site-packages/django/core/handlers/base.py", line 197, in _get_response
    response = wrapped_callback(request, *callback_args, **callback_kwargs)
  File "/usr/local/lib/python3.10/site-packages/django/views/generic/base.py", line 105, in view
    return self.dispatch(request, *args, **kwargs)
  File "/usr/local/lib/python3.10/site-packages/django/contrib/auth/mixins.py", line 73, in dispatch
    return super().dispatch(request, *args, **kwargs)
  File "/usr/local/lib/python3.10/site-packages/django/views/generic/base.py", line 144, in dispatch
    return handler(request, *args, **kwargs)
  File "/usr/local/lib/python3.10/site-packages/django/views/generic/list.py", line 178, in get
    context = self.get_context_data()
  File "/app/apps/orders/views.py", line 49, in get_context_data
    shipped_weight += o.shipped_weight
  File "/app/apps/orders/models.py", line 109, in shipped_weight
    total_kg = sum(s.total_weight for s in self.shipments.all())
  File "/usr/local/lib/python3.10/site-packages/django/db/models/query.py", line 386, in __iter__
    self._fetch_all()
  File "/usr/local/lib/python3.10/site-packages/django/db/models/query.py", line 1954, in _fetch_all
    self._result_cache = list(self._iterable_class(self))
  File "/usr/local/lib/python3.10/site-packages/django/db/models/query.py", line 93, in __iter__
    results = compiler.execute_sql(
  File "/usr/local/lib/python3.10/site-packages/django/db/models/sql/compiler.py", line 1623, in execute_sql
    cursor.execute(sql, params)
  File "/usr/local/lib/python3.10/site-packages/django/db/backends/utils.py", line 122, in execute
    return super().execute(sql, params)
  File "/usr/local/lib/python3.10/site-packages/django/db/backends/utils.py", line 79, in execute
    return self._execute_with_wrappers(
  File "/usr/local/lib/python3.10/site-packages/django/db/backends/utils.py", line 92, in _execute_with_wrappers
    return executor(sql, params, many, context)
  File "/usr/local/lib/python3.10/site-packages/django/db/backends/utils.py", line 100, in _execute
    with self.db.wrap_database_errors:
  File "/usr/local/lib/python3.10/site-packages/django/db/utils.py", line 91, in __exit__
    raise dj_exc_value.with_traceback(traceback) from exc_value
  File "/usr/local/lib/python3.10/site-packages/django/db/backends/utils.py", line 105, in _execute
    return self.cursor.execute(sql, params)
  File "/usr/local/lib/python3.10/site-packages/django/db/backends/sqlite3/base.py", line 360, in execute
    return super().execute(query, params)
django.db.utils.OperationalError: no such column: shipments_shipment.pickup_contact_phone
[2026-03-26 09:22:55] ERROR django.server basehttp.log_message:213 — "GET /orders/ HTTP/1.1" 500 191884
[2026-03-26 09:22:58] ERROR django.request log.log_response:253 — Internal Server Error: /orders/
Traceback (most recent call last):
  File "/usr/local/lib/python3.10/site-packages/django/db/backends/utils.py", line 105, in _execute
    return self.cursor.execute(sql, params)
  File "/usr/local/lib/python3.10/site-packages/django/db/backends/sqlite3/base.py", line 360, in execute
    return super().execute(query, params)
sqlite3.OperationalError: no such column: shipments_shipment.pickup_contact_phone

The above exception was the direct cause of the following exception:

Traceback (most recent call last):
  File "/usr/local/lib/python3.10/site-packages/django/core/handlers/exception.py", line 55, in inner
    response = get_response(request)
  File "/usr/local/lib/python3.10/site-packages/django/core/handlers/base.py", line 197, in _get_response
    response = wrapped_callback(request, *callback_args, **callback_kwargs)
  File "/usr/local/lib/python3.10/site-packages/django/views/generic/base.py", line 105, in view
    return self.dispatch(request, *args, **kwargs)
  File "/usr/local/lib/python3.10/site-packages/django/contrib/auth/mixins.py", line 73, in dispatch
    return super().dispatch(request, *args, **kwargs)
  File "/usr/local/lib/python3.10/site-packages/django/views/generic/base.py", line 144, in dispatch
    return handler(request, *args, **kwargs)
  File "/usr/local/lib/python3.10/site-packages/django/views/generic/list.py", line 178, in get
    context = self.get_context_data()
  File "/app/apps/orders/views.py", line 49, in get_context_data
    shipped_weight += o.shipped_weight
  File "/app/apps/orders/models.py", line 109, in shipped_weight
    total_kg = sum(s.total_weight for s in self.shipments.all())
  File "/usr/local/lib/python3.10/site-packages/django/db/models/query.py", line 386, in __iter__
    self._fetch_all()
  File "/usr/local/lib/python3.10/site-packages/django/db/models/query.py", line 1954, in _fetch_all
    self._result_cache = list(self._iterable_class(self))
  File "/usr/local/lib/python3.10/site-packages/django/db/models/query.py", line 93, in __iter__
    results = compiler.execute_sql(
  File "/usr/local/lib/python3.10/site-packages/django/db/models/sql/compiler.py", line 1623, in execute_sql
    cursor.execute(sql, params)
  File "/usr/local/lib/python3.10/site-packages/django/db/backends/utils.py", line 122, in execute
    return super().execute(sql, params)
  File "/usr/local/lib/python3.10/site-packages/django/db/backends/utils.py", line 79, in execute
    return self._execute_with_wrappers(
  File "/usr/local/lib/python3.10/site-packages/django/db/backends/utils.py", line 92, in _execute_with_wrappers
    return executor(sql, params, many, context)
  File "/usr/local/lib/python3.10/site-packages/django/db/backends/utils.py", line 100, in _execute
    with self.db.wrap_database_errors:
  File "/usr/local/lib/python3.10/site-packages/django/db/utils.py", line 91, in __exit__
    raise dj_exc_value.with_traceback(traceback) from exc_value
  File "/usr/local/lib/python3.10/site-packages/django/db/backends/utils.py", line 105, in _execute
    return self.cursor.execute(sql, params)
  File "/usr/local/lib/python3.10/site-packages/django/db/backends/sqlite3/base.py", line 360, in execute
    return super().execute(query, params)
django.db.utils.OperationalError: no such column: shipments_shipment.pickup_contact_phone
[2026-03-26 09:22:58] ERROR django.server basehttp.log_message:213 — "GET /orders/ HTTP/1.1" 500 192021
[2026-03-26 09:23:58] INFO django.server basehttp.log_message:213 — "GET /orders/ HTTP/1.1" 200 58161
[2026-03-26 09:23:59] WARNING django.request log.log_response:253 — Not Found: /favicon.ico
[2026-03-26 09:23:59] WARNING django.server basehttp.log_message:213 — "GET /favicon.ico HTTP/1.1" 404 7178
[2026-03-26 09:24:00] INFO apps.orders views.order_create:300 — New order creation page accessed by shubham (Customer)
[2026-03-26 09:24:01] INFO django.server basehttp.log_message:213 — "GET /orders/create/ HTTP/1.1" 200 130331
[2026-03-26 09:24:05] DEBUG apps.shipments views.shipment_list:357 — Shipment list filters: search=None, status=None, type=None, from=None, to=None
[2026-03-26 09:24:05] DEBUG apps.shipments views.shipment_list:379 — Total shipments after filtering: 8
[2026-03-26 09:24:06] INFO django.server basehttp.log_message:213 — "GET /shipments/ HTTP/1.1" 200 63601
[2026-03-26 09:24:08] INFO django.server basehttp.log_message:213 — "GET /shipments/216/ HTTP/1.1" 200 155782
[2026-03-26 09:24:08] INFO django.server basehttp.log_message:213 — "GET /api/shipments/216/tracking/ HTTP/1.1" 200 734
[2026-03-26 09:24:10] INFO django.server basehttp.log_message:213 — "GET /orders/ HTTP/1.1" 200 58161
[2026-03-26 09:24:14] INFO django.server basehttp.log_message:213 — "GET /orders/167/ HTTP/1.1" 200 133633
[2026-03-26 09:24:17] INFO django.server basehttp.log_message:213 — "GET /shipments/create/?order_id=167&next=/orders/167/ HTTP/1.1" 200 192443
[2026-03-26 09:26:34] INFO apps.shipments views.shipment_create:804 — Shipment created: SHP-2026-19888 for Deloitte (Customer) by shubham (Customer)
[2026-03-26 09:26:34] INFO django.server basehttp.log_message:213 — "POST /shipments/create/?order_id=167&next=/orders/167/ HTTP/1.1" 302 0
[2026-03-26 09:26:34] INFO django.server basehttp.log_message:213 — "GET /orders/167/ HTTP/1.1" 200 137539
[2026-03-26 09:26:41] DEBUG apps.shipments views.shipment_list:357 — Shipment list filters: search=None, status=None, type=None, from=None, to=None
[2026-03-26 09:26:41] DEBUG apps.shipments views.shipment_list:379 — Total shipments after filtering: 9
[2026-03-26 09:26:41] INFO django.server basehttp.log_message:213 — "GET /shipments/ HTTP/1.1" 200 66007
[2026-03-26 09:26:43] INFO django.server basehttp.log_message:213 — "GET /shipments/217/ HTTP/1.1" 200 155939
[2026-03-26 09:26:44] INFO django.server basehttp.log_message:213 — "GET /api/shipments/217/tracking/ HTTP/1.1" 200 734
[2026-03-26 09:27:09] DEBUG apps.shipments views.shipment_list:357 — Shipment list filters: search=None, status=None, type=None, from=None, to=None
[2026-03-26 09:27:09] DEBUG apps.shipments views.shipment_list:379 — Total shipments after filtering: 9
[2026-03-26 09:27:09] INFO django.server basehttp.log_message:213 — "GET /shipments/ HTTP/1.1" 200 66007
[2026-03-26 09:27:11] INFO django.server basehttp.log_message:213 — "GET /shipments/217/ HTTP/1.1" 200 155939
[2026-03-26 09:27:11] INFO django.server basehttp.log_message:213 — "GET /api/shipments/217/tracking/ HTTP/1.1" 200 734
[2026-03-26 09:27:15] DEBUG apps.accounts utils.filter_by_user_company:21 — Data filter applied for shubham → company: Deloitte (Customer)
[2026-03-26 09:27:15] INFO django.server basehttp.log_message:213 — "GET /dashboard/ HTTP/1.1" 200 61180
[2026-03-26 09:27:17] DEBUG apps.shipments views.shipment_list:357 — Shipment list filters: search=None, status=None, type=None, from=None, to=None
[2026-03-26 09:27:17] DEBUG apps.shipments views.shipment_list:379 — Total shipments after filtering: 9
[2026-03-26 09:27:17] INFO django.server basehttp.log_message:213 — "GET /shipments/ HTTP/1.1" 200 66007
[2026-03-26 09:27:18] INFO django.server basehttp.log_message:213 — "GET /shipments/217/ HTTP/1.1" 200 155939
[2026-03-26 09:27:19] INFO django.server basehttp.log_message:213 — "GET /api/shipments/217/tracking/ HTTP/1.1" 200 734
[2026-03-26 09:27:21] INFO django.server basehttp.log_message:213 — "GET /orders/ HTTP/1.1" 200 58163
[2026-03-26 09:27:23] INFO django.server basehttp.log_message:213 — "GET /orders/167/ HTTP/1.1" 200 137214
[2026-03-26 09:27:23] INFO django.server basehttp.log_message:213 — "GET /orders/167/ HTTP/1.1" 200 137214
[2026-03-26 09:34:08] INFO django.utils.autoreload autoreload.trigger_reload:265 — /app/apps/orders/views.py changed, reloading.
[2026-03-26 09:34:10] INFO django.utils.autoreload autoreload.run_with_reloader:667 — Watching for file changes with StatReloader
[2026-03-26 09:34:51] INFO django.utils.autoreload autoreload.trigger_reload:265 — /app/apps/shipments/views.py changed, reloading.
[2026-03-26 09:34:54] INFO django.utils.autoreload autoreload.run_with_reloader:667 — Watching for file changes with StatReloader
